<?xml version="1.0" encoding="UTF-8"?>
<testsuite name="com.example.project.TestMain" tests="12" skipped="1" failures="0" errors="0" timestamp="2025-02-11T16:30:41" hostname="codespaces-88527e" time="7.721">
  <properties/>
  <testcase name="testNotAlone()" classname="com.example.project.TestMain" time="0.029"/>
  <testcase name="TestShiftLeft()" classname="com.example.project.TestMain" time="0.001"/>
  <testcase name="testParseSentence()" classname="com.example.project.TestMain" time="0.001"/>
  <testcase name="testRemoveDuplicates()" classname="com.example.project.TestMain" time="0.003"/>
  <testcase name="testFix34()" classname="com.example.project.TestMain" time="0.002"/>
  <testcase name="testMode()" classname="com.example.project.TestMain" time="0.003"/>
  <testcase name="testSameFirstLast()" classname="com.example.project.TestMain" time="0.003"/>
  <testcase name="testSwapEnds()" classname="com.example.project.TestMain" time="0.002"/>
  <testcase name="testZeroFront()" classname="com.example.project.TestMain" time="0.003"/>
  <testcase name="testRemove3()" classname="com.example.project.TestMain" time="0.001"/>
  <testcase name="testReverseArray()" classname="com.example.project.TestMain" time="0.001"/>
  <testcase name="testInsertAfterI()" classname="com.example.project.TestMain" time="7.651">
    <skipped/>
  </testcase>
  <system-out><![CDATA[]]></system-out>
  <system-err><![CDATA[]]></system-err>
</testsuite>
